2025-03-15 23:48:35,478 [Worker-4: Loading available Gradle versions] INFO  o.e.b.c.i.u.g.PublishedGradleVersions - Gradle version information cache is not available. Remote download required.
2025-03-15 23:50:30,468 [Worker-12: Importing Maven projects] INFO  o.e.m.c.i.l.LifecycleMappingFactory - Using org.eclipse.m2e.jdt.JarLifecycleMapping lifecycle mapping for MavenProject: com.example.ashish:Spring_Projects:0.0.1-SNAPSHOT @ /home/notebook/Videos/Technology_Stack_Frameworks/FullStack_Development/FullStack_Development_Projects/Web_Development_Projects/Spring_Projects/pom.xml.
2025-03-15 23:50:31,393 [Worker-12: Importing Maven projects] INFO  o.e.m.j.i.AbstractJavaProjectConfigurator - Adding source folder /Spring_Projects/src/main/java
2025-03-15 23:50:31,395 [Worker-12: Importing Maven projects] INFO  o.e.m.j.i.AbstractJavaProjectConfigurator - Adding resource folder /Spring_Projects/src/main/resources
2025-03-15 23:50:31,399 [Worker-12: Importing Maven projects] INFO  o.e.m.j.i.AbstractJavaProjectConfigurator - Adding resource folder /Spring_Projects/src/main/resources
2025-03-15 23:50:31,403 [Worker-12: Importing Maven projects] INFO  o.e.m.j.i.AbstractJavaProjectConfigurator - Adding source folder /Spring_Projects/src/test/java
2025-03-15 23:50:31,404 [Worker-12: Importing Maven projects] INFO  o.e.m.j.i.AbstractJavaProjectConfigurator - Adding resource folder /Spring_Projects/src/test/resources
2025-03-15 23:50:32,244 [Worker-12: Importing Maven projects] INFO  o.e.m.c.i.p.ProjectConfigurationManager - Imported and configured 1 project(s) in 4 sec
2025-03-15 23:50:33,412 [Worker-21: Building] INFO  o.a.m.s.f.DefaultMavenResourcesFiltering - Copying 1 resource from src/main/resources to target/classes
2025-03-15 23:50:33,439 [Worker-21: Building] INFO  o.a.m.s.f.DefaultMavenResourcesFiltering - Copying 0 resource from src/main/resources to target/classes
2025-03-15 23:50:33,449 [Worker-21: Building] INFO  o.a.m.s.f.DefaultMavenResourcesFiltering - skip non existing resourceDirectory /home/notebook/Videos/Technology_Stack_Frameworks/FullStack_Development/FullStack_Development_Projects/Web_Development_Projects/Spring_Projects/src/test/resources
2025-03-15 23:51:50,595 [Worker-6: Building] INFO  o.a.m.s.f.DefaultMavenResourcesFiltering - Copying 1 resource from src/main/resources to target/classes
2025-03-15 23:51:50,614 [Worker-6: Building] INFO  o.a.m.s.f.DefaultMavenResourcesFiltering - Copying 0 resource from src/main/resources to target/classes
2025-03-15 23:51:50,620 [Worker-6: Building] INFO  o.a.m.s.f.DefaultMavenResourcesFiltering - skip non existing resourceDirectory /home/notebook/Videos/Technology_Stack_Frameworks/FullStack_Development/FullStack_Development_Projects/Web_Development_Projects/Spring_Projects/src/test/resources
2025-03-15 23:55:43,213 [Worker-6: Building] INFO  o.a.m.s.f.DefaultMavenResourcesFiltering - Copying 1 resource from src/main/resources to target/classes
2025-03-15 23:55:43,221 [Worker-6: Building] INFO  o.a.m.s.f.DefaultMavenResourcesFiltering - Copying 0 resource from src/main/resources to target/classes
2025-03-15 23:55:43,226 [Worker-6: Building] INFO  o.a.m.s.f.DefaultMavenResourcesFiltering - skip non existing resourceDirectory /home/notebook/Videos/Technology_Stack_Frameworks/FullStack_Development/FullStack_Development_Projects/Web_Development_Projects/Spring_Projects/src/test/resources
2025-03-15 23:57:19,972 [Worker-14: Building] INFO  o.a.m.s.f.DefaultMavenResourcesFiltering - Copying 1 resource from src/main/resources to target/classes
2025-03-15 23:57:19,994 [Worker-14: Building] INFO  o.a.m.s.f.DefaultMavenResourcesFiltering - Copying 0 resource from src/main/resources to target/classes
2025-03-15 23:57:20,007 [Worker-14: Building] INFO  o.a.m.s.f.DefaultMavenResourcesFiltering - skip non existing resourceDirectory /home/notebook/Videos/Technology_Stack_Frameworks/FullStack_Development/FullStack_Development_Projects/Web_Development_Projects/Spring_Projects/src/test/resources
2025-03-15 23:57:25,753 [Worker-10: Building] INFO  o.a.m.s.f.DefaultMavenResourcesFiltering - Copying 1 resource from src/main/resources to target/classes
2025-03-15 23:57:25,760 [Worker-10: Building] INFO  o.a.m.s.f.DefaultMavenResourcesFiltering - Copying 0 resource from src/main/resources to target/classes
2025-03-15 23:57:25,767 [Worker-10: Building] INFO  o.a.m.s.f.DefaultMavenResourcesFiltering - skip non existing resourceDirectory /home/notebook/Videos/Technology_Stack_Frameworks/FullStack_Development/FullStack_Development_Projects/Web_Development_Projects/Spring_Projects/src/test/resources
2025-03-15 23:57:27,633 [Worker-10: Building] INFO  o.a.m.s.f.DefaultMavenResourcesFiltering - Copying 1 resource from src/main/resources to target/classes
2025-03-15 23:57:27,640 [Worker-10: Building] INFO  o.a.m.s.f.DefaultMavenResourcesFiltering - Copying 0 resource from src/main/resources to target/classes
2025-03-15 23:57:27,647 [Worker-10: Building] INFO  o.a.m.s.f.DefaultMavenResourcesFiltering - skip non existing resourceDirectory /home/notebook/Videos/Technology_Stack_Frameworks/FullStack_Development/FullStack_Development_Projects/Web_Development_Projects/Spring_Projects/src/test/resources
2025-03-15 23:59:20,899 [Worker-26: Building] INFO  o.a.m.s.f.DefaultMavenResourcesFiltering - Copying 1 resource from src/main/resources to target/classes
2025-03-15 23:59:20,904 [Worker-26: Building] INFO  o.a.m.s.f.DefaultMavenResourcesFiltering - Copying 0 resource from src/main/resources to target/classes
2025-03-15 23:59:20,910 [Worker-26: Building] INFO  o.a.m.s.f.DefaultMavenResourcesFiltering - skip non existing resourceDirectory /home/notebook/Videos/Technology_Stack_Frameworks/FullStack_Development/FullStack_Development_Projects/Web_Development_Projects/Spring_Projects/src/test/resources
2025-03-15 23:59:53,173 [Worker-27: Building] INFO  o.a.m.s.f.DefaultMavenResourcesFiltering - Copying 1 resource from src/main/resources to target/classes
2025-03-15 23:59:53,178 [Worker-27: Building] INFO  o.a.m.s.f.DefaultMavenResourcesFiltering - Copying 0 resource from src/main/resources to target/classes
2025-03-15 23:59:53,184 [Worker-27: Building] INFO  o.a.m.s.f.DefaultMavenResourcesFiltering - skip non existing resourceDirectory /home/notebook/Videos/Technology_Stack_Frameworks/FullStack_Development/FullStack_Development_Projects/Web_Development_Projects/Spring_Projects/src/test/resources
2025-03-15 23:59:55,650 [Worker-14: Building] INFO  o.a.m.s.f.DefaultMavenResourcesFiltering - Copying 1 resource from src/main/resources to target/classes
2025-03-15 23:59:55,654 [Worker-14: Building] INFO  o.a.m.s.f.DefaultMavenResourcesFiltering - Copying 0 resource from src/main/resources to target/classes
2025-03-15 23:59:55,661 [Worker-14: Building] INFO  o.a.m.s.f.DefaultMavenResourcesFiltering - skip non existing resourceDirectory /home/notebook/Videos/Technology_Stack_Frameworks/FullStack_Development/FullStack_Development_Projects/Web_Development_Projects/Spring_Projects/src/test/resources
2025-03-16 00:01:00,335 [Worker-14: Building] INFO  o.a.m.s.f.DefaultMavenResourcesFiltering - Copying 1 resource from src/main/resources to target/classes
2025-03-16 00:01:00,339 [Worker-14: Building] INFO  o.a.m.s.f.DefaultMavenResourcesFiltering - Copying 0 resource from src/main/resources to target/classes
2025-03-16 00:01:00,343 [Worker-14: Building] INFO  o.a.m.s.f.DefaultMavenResourcesFiltering - skip non existing resourceDirectory /home/notebook/Videos/Technology_Stack_Frameworks/FullStack_Development/FullStack_Development_Projects/Web_Development_Projects/Spring_Projects/src/test/resources
2025-03-16 00:01:36,772 [Worker-10: Building] INFO  o.a.m.s.f.DefaultMavenResourcesFiltering - Copying 1 resource from src/main/resources to target/classes
2025-03-16 00:01:36,786 [Worker-10: Building] INFO  o.a.m.s.f.DefaultMavenResourcesFiltering - Copying 0 resource from src/main/resources to target/classes
2025-03-16 00:01:36,797 [Worker-10: Building] INFO  o.a.m.s.f.DefaultMavenResourcesFiltering - skip non existing resourceDirectory /home/notebook/Videos/Technology_Stack_Frameworks/FullStack_Development/FullStack_Development_Projects/Web_Development_Projects/Spring_Projects/src/test/resources
2025-03-16 00:01:40,055 [Worker-12: Building] INFO  o.a.m.s.f.DefaultMavenResourcesFiltering - Copying 1 resource from src/main/resources to target/classes
2025-03-16 00:01:40,060 [Worker-12: Building] INFO  o.a.m.s.f.DefaultMavenResourcesFiltering - Copying 0 resource from src/main/resources to target/classes
2025-03-16 00:01:40,064 [Worker-12: Building] INFO  o.a.m.s.f.DefaultMavenResourcesFiltering - skip non existing resourceDirectory /home/notebook/Videos/Technology_Stack_Frameworks/FullStack_Development/FullStack_Development_Projects/Web_Development_Projects/Spring_Projects/src/test/resources
2025-03-16 00:04:04,370 [Worker-26: Building] INFO  o.a.m.s.f.DefaultMavenResourcesFiltering - Copying 1 resource from src/main/resources to target/classes
2025-03-16 00:04:04,375 [Worker-26: Building] INFO  o.a.m.s.f.DefaultMavenResourcesFiltering - Copying 0 resource from src/main/resources to target/classes
2025-03-16 00:04:04,380 [Worker-26: Building] INFO  o.a.m.s.f.DefaultMavenResourcesFiltering - skip non existing resourceDirectory /home/notebook/Videos/Technology_Stack_Frameworks/FullStack_Development/FullStack_Development_Projects/Web_Development_Projects/Spring_Projects/src/test/resources
2025-03-16 00:07:41,554 [Worker-14: Building] INFO  o.a.m.s.f.DefaultMavenResourcesFiltering - Copying 1 resource from src/main/resources to target/classes
2025-03-16 00:07:41,559 [Worker-14: Building] INFO  o.a.m.s.f.DefaultMavenResourcesFiltering - Copying 0 resource from src/main/resources to target/classes
2025-03-16 00:07:41,564 [Worker-14: Building] INFO  o.a.m.s.f.DefaultMavenResourcesFiltering - skip non existing resourceDirectory /home/notebook/Videos/Technology_Stack_Frameworks/FullStack_Development/FullStack_Development_Projects/Web_Development_Projects/Spring_Projects/src/test/resources
2025-03-16 00:09:17,788 [Worker-10: Building] INFO  o.a.m.s.f.DefaultMavenResourcesFiltering - Copying 1 resource from src/main/resources to target/classes
2025-03-16 00:09:17,810 [Worker-10: Building] INFO  o.a.m.s.f.DefaultMavenResourcesFiltering - Copying 0 resource from src/main/resources to target/classes
2025-03-16 00:09:17,820 [Worker-10: Building] INFO  o.a.m.s.f.DefaultMavenResourcesFiltering - skip non existing resourceDirectory /home/notebook/Videos/Technology_Stack_Frameworks/FullStack_Development/FullStack_Development_Projects/Web_Development_Projects/Spring_Projects/src/test/resources
2025-03-16 00:16:48,895 [Worker-26: Building] INFO  o.a.m.s.f.DefaultMavenResourcesFiltering - Copying 1 resource from src/main/resources to target/classes
2025-03-16 00:16:48,900 [Worker-26: Building] INFO  o.a.m.s.f.DefaultMavenResourcesFiltering - Copying 0 resource from src/main/resources to target/classes
2025-03-16 00:16:48,905 [Worker-26: Building] INFO  o.a.m.s.f.DefaultMavenResourcesFiltering - skip non existing resourceDirectory /home/notebook/Videos/Technology_Stack_Frameworks/FullStack_Development/FullStack_Development_Projects/Web_Development_Projects/Spring_Projects/src/test/resources
2025-03-16 00:17:18,781 [Worker-26: Building] INFO  o.a.m.s.f.DefaultMavenResourcesFiltering - Copying 1 resource from src/main/resources to target/classes
2025-03-16 00:17:18,785 [Worker-26: Building] INFO  o.a.m.s.f.DefaultMavenResourcesFiltering - Copying 0 resource from src/main/resources to target/classes
2025-03-16 00:17:18,790 [Worker-26: Building] INFO  o.a.m.s.f.DefaultMavenResourcesFiltering - skip non existing resourceDirectory /home/notebook/Videos/Technology_Stack_Frameworks/FullStack_Development/FullStack_Development_Projects/Web_Development_Projects/Spring_Projects/src/test/resources
2025-03-16 00:18:14,149 [Worker-26: Building] INFO  o.a.m.s.f.DefaultMavenResourcesFiltering - Copying 1 resource from src/main/resources to target/classes
2025-03-16 00:18:14,153 [Worker-26: Building] INFO  o.a.m.s.f.DefaultMavenResourcesFiltering - Copying 0 resource from src/main/resources to target/classes
2025-03-16 00:18:14,157 [Worker-26: Building] INFO  o.a.m.s.f.DefaultMavenResourcesFiltering - skip non existing resourceDirectory /home/notebook/Videos/Technology_Stack_Frameworks/FullStack_Development/FullStack_Development_Projects/Web_Development_Projects/Spring_Projects/src/test/resources
2025-03-16 00:18:17,305 [Worker-12: Building] INFO  o.a.m.s.f.DefaultMavenResourcesFiltering - Copying 1 resource from src/main/resources to target/classes
2025-03-16 00:18:17,311 [Worker-12: Building] INFO  o.a.m.s.f.DefaultMavenResourcesFiltering - Copying 0 resource from src/main/resources to target/classes
2025-03-16 00:18:17,318 [Worker-12: Building] INFO  o.a.m.s.f.DefaultMavenResourcesFiltering - skip non existing resourceDirectory /home/notebook/Videos/Technology_Stack_Frameworks/FullStack_Development/FullStack_Development_Projects/Web_Development_Projects/Spring_Projects/src/test/resources
2025-03-16 00:20:46,319 [Worker-12: Building] INFO  o.a.m.s.f.DefaultMavenResourcesFiltering - Copying 1 resource from src/main/resources to target/classes
2025-03-16 00:20:46,322 [Worker-12: Building] INFO  o.a.m.s.f.DefaultMavenResourcesFiltering - Copying 0 resource from src/main/resources to target/classes
2025-03-16 00:20:46,327 [Worker-12: Building] INFO  o.a.m.s.f.DefaultMavenResourcesFiltering - skip non existing resourceDirectory /home/notebook/Videos/Technology_Stack_Frameworks/FullStack_Development/FullStack_Development_Projects/Web_Development_Projects/Spring_Projects/src/test/resources
2025-03-16 00:21:05,836 [Worker-26: Building] INFO  o.a.m.s.f.DefaultMavenResourcesFiltering - Copying 1 resource from src/main/resources to target/classes
2025-03-16 00:21:05,854 [Worker-26: Building] INFO  o.a.m.s.f.DefaultMavenResourcesFiltering - Copying 0 resource from src/main/resources to target/classes
2025-03-16 00:21:05,863 [Worker-26: Building] INFO  o.a.m.s.f.DefaultMavenResourcesFiltering - skip non existing resourceDirectory /home/notebook/Videos/Technology_Stack_Frameworks/FullStack_Development/FullStack_Development_Projects/Web_Development_Projects/Spring_Projects/src/test/resources
2025-03-16 00:22:09,385 [Worker-32: Building] INFO  o.a.m.s.f.DefaultMavenResourcesFiltering - Copying 1 resource from src/main/resources to target/classes
2025-03-16 00:22:09,389 [Worker-32: Building] INFO  o.a.m.s.f.DefaultMavenResourcesFiltering - Copying 0 resource from src/main/resources to target/classes
2025-03-16 00:22:09,393 [Worker-32: Building] INFO  o.a.m.s.f.DefaultMavenResourcesFiltering - skip non existing resourceDirectory /home/notebook/Videos/Technology_Stack_Frameworks/FullStack_Development/FullStack_Development_Projects/Web_Development_Projects/Spring_Projects/src/test/resources
2025-03-16 00:22:21,426 [Worker-31: Building] INFO  o.a.m.s.f.DefaultMavenResourcesFiltering - Copying 1 resource from src/main/resources to target/classes
2025-03-16 00:22:21,431 [Worker-31: Building] INFO  o.a.m.s.f.DefaultMavenResourcesFiltering - Copying 0 resource from src/main/resources to target/classes
2025-03-16 00:22:21,434 [Worker-31: Building] INFO  o.a.m.s.f.DefaultMavenResourcesFiltering - skip non existing resourceDirectory /home/notebook/Videos/Technology_Stack_Frameworks/FullStack_Development/FullStack_Development_Projects/Web_Development_Projects/Spring_Projects/src/test/resources
2025-03-16 00:22:24,626 [Worker-30: Building] INFO  o.a.m.s.f.DefaultMavenResourcesFiltering - Copying 1 resource from src/main/resources to target/classes
2025-03-16 00:22:24,630 [Worker-30: Building] INFO  o.a.m.s.f.DefaultMavenResourcesFiltering - Copying 0 resource from src/main/resources to target/classes
2025-03-16 00:22:24,634 [Worker-30: Building] INFO  o.a.m.s.f.DefaultMavenResourcesFiltering - skip non existing resourceDirectory /home/notebook/Videos/Technology_Stack_Frameworks/FullStack_Development/FullStack_Development_Projects/Web_Development_Projects/Spring_Projects/src/test/resources
2025-03-16 00:23:34,250 [Worker-31: Building] INFO  o.a.m.s.f.DefaultMavenResourcesFiltering - Copying 1 resource from src/main/resources to target/classes
2025-03-16 00:23:34,254 [Worker-31: Building] INFO  o.a.m.s.f.DefaultMavenResourcesFiltering - Copying 0 resource from src/main/resources to target/classes
2025-03-16 00:23:34,258 [Worker-31: Building] INFO  o.a.m.s.f.DefaultMavenResourcesFiltering - skip non existing resourceDirectory /home/notebook/Videos/Technology_Stack_Frameworks/FullStack_Development/FullStack_Development_Projects/Web_Development_Projects/Spring_Projects/src/test/resources
2025-03-16 00:25:52,208 [Worker-12: Building] INFO  o.a.m.s.f.DefaultMavenResourcesFiltering - Copying 1 resource from src/main/resources to target/classes
2025-03-16 00:25:52,226 [Worker-12: Building] INFO  o.a.m.s.f.DefaultMavenResourcesFiltering - Copying 0 resource from src/main/resources to target/classes
2025-03-16 00:25:52,237 [Worker-12: Building] INFO  o.a.m.s.f.DefaultMavenResourcesFiltering - skip non existing resourceDirectory /home/notebook/Videos/Technology_Stack_Frameworks/FullStack_Development/FullStack_Development_Projects/Web_Development_Projects/Spring_Projects/src/test/resources
2025-03-16 00:26:06,186 [Worker-31: Building] INFO  o.a.m.s.f.DefaultMavenResourcesFiltering - Copying 1 resource from src/main/resources to target/classes
2025-03-16 00:26:06,191 [Worker-31: Building] INFO  o.a.m.s.f.DefaultMavenResourcesFiltering - Copying 0 resource from src/main/resources to target/classes
2025-03-16 00:26:06,194 [Worker-31: Building] INFO  o.a.m.s.f.DefaultMavenResourcesFiltering - skip non existing resourceDirectory /home/notebook/Videos/Technology_Stack_Frameworks/FullStack_Development/FullStack_Development_Projects/Web_Development_Projects/Spring_Projects/src/test/resources
2025-03-16 00:27:11,720 [Worker-31: Building] INFO  o.a.m.s.f.DefaultMavenResourcesFiltering - Copying 1 resource from src/main/resources to target/classes
2025-03-16 00:27:11,724 [Worker-31: Building] INFO  o.a.m.s.f.DefaultMavenResourcesFiltering - Copying 0 resource from src/main/resources to target/classes
2025-03-16 00:27:11,728 [Worker-31: Building] INFO  o.a.m.s.f.DefaultMavenResourcesFiltering - skip non existing resourceDirectory /home/notebook/Videos/Technology_Stack_Frameworks/FullStack_Development/FullStack_Development_Projects/Web_Development_Projects/Spring_Projects/src/test/resources
2025-03-16 00:27:33,513 [Worker-30: Building] INFO  o.a.m.s.f.DefaultMavenResourcesFiltering - Copying 1 resource from src/main/resources to target/classes
2025-03-16 00:27:33,517 [Worker-30: Building] INFO  o.a.m.s.f.DefaultMavenResourcesFiltering - Copying 0 resource from src/main/resources to target/classes
2025-03-16 00:27:33,521 [Worker-30: Building] INFO  o.a.m.s.f.DefaultMavenResourcesFiltering - skip non existing resourceDirectory /home/notebook/Videos/Technology_Stack_Frameworks/FullStack_Development/FullStack_Development_Projects/Web_Development_Projects/Spring_Projects/src/test/resources
2025-03-16 00:27:37,770 [Worker-31: Building] INFO  o.a.m.s.f.DefaultMavenResourcesFiltering - Copying 1 resource from src/main/resources to target/classes
2025-03-16 00:27:37,774 [Worker-31: Building] INFO  o.a.m.s.f.DefaultMavenResourcesFiltering - Copying 0 resource from src/main/resources to target/classes
2025-03-16 00:27:37,778 [Worker-31: Building] INFO  o.a.m.s.f.DefaultMavenResourcesFiltering - skip non existing resourceDirectory /home/notebook/Videos/Technology_Stack_Frameworks/FullStack_Development/FullStack_Development_Projects/Web_Development_Projects/Spring_Projects/src/test/resources
2025-03-16 00:28:20,212 [Worker-33: Building] INFO  o.a.m.s.f.DefaultMavenResourcesFiltering - Copying 1 resource from src/main/resources to target/classes
2025-03-16 00:28:20,216 [Worker-33: Building] INFO  o.a.m.s.f.DefaultMavenResourcesFiltering - Copying 0 resource from src/main/resources to target/classes
2025-03-16 00:28:20,219 [Worker-33: Building] INFO  o.a.m.s.f.DefaultMavenResourcesFiltering - skip non existing resourceDirectory /home/notebook/Videos/Technology_Stack_Frameworks/FullStack_Development/FullStack_Development_Projects/Web_Development_Projects/Spring_Projects/src/test/resources
2025-03-16 20:18:19,579 [Worker-51: Building] INFO  o.a.m.s.f.DefaultMavenResourcesFiltering - Copying 1 resource from src/main/resources to target/classes
2025-03-16 20:18:19,585 [Worker-51: Building] INFO  o.a.m.s.f.DefaultMavenResourcesFiltering - Copying 0 resource from src/main/resources to target/classes
2025-03-16 20:18:19,591 [Worker-51: Building] INFO  o.a.m.s.f.DefaultMavenResourcesFiltering - skip non existing resourceDirectory /home/notebook/Videos/Technology_Stack_Frameworks/FullStack_Development/FullStack_Development_Projects/Web_Development_Projects/Spring_Projects/src/test/resources
2025-03-16 20:18:55,115 [Worker-49: Building] INFO  o.a.m.s.f.DefaultMavenResourcesFiltering - Copying 1 resource from src/main/resources to target/classes
2025-03-16 20:18:55,159 [Worker-49: Building] INFO  o.a.m.s.f.DefaultMavenResourcesFiltering - Copying 0 resource from src/main/resources to target/classes
2025-03-16 20:18:55,171 [Worker-49: Building] INFO  o.a.m.s.f.DefaultMavenResourcesFiltering - skip non existing resourceDirectory /home/notebook/Videos/Technology_Stack_Frameworks/FullStack_Development/FullStack_Development_Projects/Web_Development_Projects/Spring_Projects/src/test/resources
2025-03-16 20:20:47,670 [Worker-49: Building] INFO  o.a.m.s.f.DefaultMavenResourcesFiltering - Copying 1 resource from src/main/resources to target/classes
2025-03-16 20:20:47,675 [Worker-49: Building] INFO  o.a.m.s.f.DefaultMavenResourcesFiltering - Copying 0 resource from src/main/resources to target/classes
2025-03-16 20:20:47,679 [Worker-49: Building] INFO  o.a.m.s.f.DefaultMavenResourcesFiltering - skip non existing resourceDirectory /home/notebook/Videos/Technology_Stack_Frameworks/FullStack_Development/FullStack_Development_Projects/Web_Development_Projects/Spring_Projects/src/test/resources
2025-03-16 20:20:50,892 [Worker-50: Building] INFO  o.a.m.s.f.DefaultMavenResourcesFiltering - Copying 1 resource from src/main/resources to target/classes
2025-03-16 20:20:50,896 [Worker-50: Building] INFO  o.a.m.s.f.DefaultMavenResourcesFiltering - Copying 0 resource from src/main/resources to target/classes
2025-03-16 20:20:50,899 [Worker-50: Building] INFO  o.a.m.s.f.DefaultMavenResourcesFiltering - skip non existing resourceDirectory /home/notebook/Videos/Technology_Stack_Frameworks/FullStack_Development/FullStack_Development_Projects/Web_Development_Projects/Spring_Projects/src/test/resources
2025-03-16 20:24:26,391 [Worker-49: Building] INFO  o.a.m.s.f.DefaultMavenResourcesFiltering - Copying 1 resource from src/main/resources to target/classes
2025-03-16 20:24:26,395 [Worker-49: Building] INFO  o.a.m.s.f.DefaultMavenResourcesFiltering - Copying 0 resource from src/main/resources to target/classes
2025-03-16 20:24:26,399 [Worker-49: Building] INFO  o.a.m.s.f.DefaultMavenResourcesFiltering - skip non existing resourceDirectory /home/notebook/Videos/Technology_Stack_Frameworks/FullStack_Development/FullStack_Development_Projects/Web_Development_Projects/Spring_Projects/src/test/resources
2025-03-16 20:25:03,333 [Worker-51: Building] INFO  o.a.m.s.f.DefaultMavenResourcesFiltering - Copying 1 resource from src/main/resources to target/classes
2025-03-16 20:25:03,338 [Worker-51: Building] INFO  o.a.m.s.f.DefaultMavenResourcesFiltering - Copying 0 resource from src/main/resources to target/classes
2025-03-16 20:25:03,344 [Worker-51: Building] INFO  o.a.m.s.f.DefaultMavenResourcesFiltering - skip non existing resourceDirectory /home/notebook/Videos/Technology_Stack_Frameworks/FullStack_Development/FullStack_Development_Projects/Web_Development_Projects/Spring_Projects/src/test/resources
2025-03-16 20:25:20,702 [Worker-50: Building] INFO  o.a.m.s.f.DefaultMavenResourcesFiltering - Copying 1 resource from src/main/resources to target/classes
2025-03-16 20:25:20,706 [Worker-50: Building] INFO  o.a.m.s.f.DefaultMavenResourcesFiltering - Copying 0 resource from src/main/resources to target/classes
2025-03-16 20:25:20,710 [Worker-50: Building] INFO  o.a.m.s.f.DefaultMavenResourcesFiltering - skip non existing resourceDirectory /home/notebook/Videos/Technology_Stack_Frameworks/FullStack_Development/FullStack_Development_Projects/Web_Development_Projects/Spring_Projects/src/test/resources
2025-03-16 20:25:43,529 [Worker-53: Building] INFO  o.a.m.s.f.DefaultMavenResourcesFiltering - Copying 1 resource from src/main/resources to target/classes
2025-03-16 20:25:43,534 [Worker-53: Building] INFO  o.a.m.s.f.DefaultMavenResourcesFiltering - Copying 0 resource from src/main/resources to target/classes
2025-03-16 20:25:43,537 [Worker-53: Building] INFO  o.a.m.s.f.DefaultMavenResourcesFiltering - skip non existing resourceDirectory /home/notebook/Videos/Technology_Stack_Frameworks/FullStack_Development/FullStack_Development_Projects/Web_Development_Projects/Spring_Projects/src/test/resources
2025-03-16 20:26:23,422 [Worker-50: Building] INFO  o.a.m.s.f.DefaultMavenResourcesFiltering - Copying 1 resource from src/main/resources to target/classes
2025-03-16 20:26:23,427 [Worker-50: Building] INFO  o.a.m.s.f.DefaultMavenResourcesFiltering - Copying 0 resource from src/main/resources to target/classes
2025-03-16 20:26:23,432 [Worker-50: Building] INFO  o.a.m.s.f.DefaultMavenResourcesFiltering - skip non existing resourceDirectory /home/notebook/Videos/Technology_Stack_Frameworks/FullStack_Development/FullStack_Development_Projects/Web_Development_Projects/Spring_Projects/src/test/resources
2025-03-16 20:26:44,299 [Worker-50: Building] INFO  o.a.m.s.f.DefaultMavenResourcesFiltering - Copying 1 resource from src/main/resources to target/classes
2025-03-16 20:26:44,303 [Worker-50: Building] INFO  o.a.m.s.f.DefaultMavenResourcesFiltering - Copying 0 resource from src/main/resources to target/classes
2025-03-16 20:26:44,307 [Worker-50: Building] INFO  o.a.m.s.f.DefaultMavenResourcesFiltering - skip non existing resourceDirectory /home/notebook/Videos/Technology_Stack_Frameworks/FullStack_Development/FullStack_Development_Projects/Web_Development_Projects/Spring_Projects/src/test/resources
2025-03-16 20:26:58,732 [Worker-49: Building] INFO  o.a.m.s.f.DefaultMavenResourcesFiltering - Copying 1 resource from src/main/resources to target/classes
2025-03-16 20:26:58,738 [Worker-49: Building] INFO  o.a.m.s.f.DefaultMavenResourcesFiltering - Copying 0 resource from src/main/resources to target/classes
2025-03-16 20:26:58,743 [Worker-49: Building] INFO  o.a.m.s.f.DefaultMavenResourcesFiltering - skip non existing resourceDirectory /home/notebook/Videos/Technology_Stack_Frameworks/FullStack_Development/FullStack_Development_Projects/Web_Development_Projects/Spring_Projects/src/test/resources
2025-03-16 20:28:07,518 [Worker-51: Building] INFO  o.a.m.s.f.DefaultMavenResourcesFiltering - Copying 1 resource from src/main/resources to target/classes
2025-03-16 20:28:07,536 [Worker-51: Building] INFO  o.a.m.s.f.DefaultMavenResourcesFiltering - Copying 0 resource from src/main/resources to target/classes
2025-03-16 20:28:07,544 [Worker-51: Building] INFO  o.a.m.s.f.DefaultMavenResourcesFiltering - skip non existing resourceDirectory /home/notebook/Videos/Technology_Stack_Frameworks/FullStack_Development/FullStack_Development_Projects/Web_Development_Projects/Spring_Projects/src/test/resources
2025-03-16 20:35:45,482 [Worker-49: Building] INFO  o.a.m.s.f.DefaultMavenResourcesFiltering - Copying 1 resource from src/main/resources to target/classes
2025-03-16 20:35:45,488 [Worker-49: Building] INFO  o.a.m.s.f.DefaultMavenResourcesFiltering - Copying 0 resource from src/main/resources to target/classes
2025-03-16 20:35:45,493 [Worker-49: Building] INFO  o.a.m.s.f.DefaultMavenResourcesFiltering - skip non existing resourceDirectory /home/notebook/Videos/Technology_Stack_Frameworks/FullStack_Development/FullStack_Development_Projects/Web_Development_Projects/Spring_Projects/src/test/resources
2025-03-16 20:38:30,279 [Worker-50: Building] INFO  o.a.m.s.f.DefaultMavenResourcesFiltering - Copying 1 resource from src/main/resources to target/classes
2025-03-16 20:38:30,296 [Worker-50: Building] INFO  o.a.m.s.f.DefaultMavenResourcesFiltering - Copying 0 resource from src/main/resources to target/classes
2025-03-16 20:38:30,306 [Worker-50: Building] INFO  o.a.m.s.f.DefaultMavenResourcesFiltering - skip non existing resourceDirectory /home/notebook/Videos/Technology_Stack_Frameworks/FullStack_Development/FullStack_Development_Projects/Web_Development_Projects/Spring_Projects/src/test/resources
2025-03-16 20:39:09,759 [Worker-49: Building] INFO  o.a.m.s.f.DefaultMavenResourcesFiltering - Copying 1 resource from src/main/resources to target/classes
2025-03-16 20:39:09,763 [Worker-49: Building] INFO  o.a.m.s.f.DefaultMavenResourcesFiltering - Copying 0 resource from src/main/resources to target/classes
2025-03-16 20:39:09,767 [Worker-49: Building] INFO  o.a.m.s.f.DefaultMavenResourcesFiltering - skip non existing resourceDirectory /home/notebook/Videos/Technology_Stack_Frameworks/FullStack_Development/FullStack_Development_Projects/Web_Development_Projects/Spring_Projects/src/test/resources
2025-03-16 20:39:50,604 [Worker-55: Building] INFO  o.a.m.s.f.DefaultMavenResourcesFiltering - Copying 1 resource from src/main/resources to target/classes
2025-03-16 20:39:50,608 [Worker-55: Building] INFO  o.a.m.s.f.DefaultMavenResourcesFiltering - Copying 0 resource from src/main/resources to target/classes
2025-03-16 20:39:50,613 [Worker-55: Building] INFO  o.a.m.s.f.DefaultMavenResourcesFiltering - skip non existing resourceDirectory /home/notebook/Videos/Technology_Stack_Frameworks/FullStack_Development/FullStack_Development_Projects/Web_Development_Projects/Spring_Projects/src/test/resources
2025-03-16 20:41:15,081 [Worker-56: Building] INFO  o.a.m.s.f.DefaultMavenResourcesFiltering - Copying 1 resource from src/main/resources to target/classes
2025-03-16 20:41:15,085 [Worker-56: Building] INFO  o.a.m.s.f.DefaultMavenResourcesFiltering - Copying 0 resource from src/main/resources to target/classes
2025-03-16 20:41:15,089 [Worker-56: Building] INFO  o.a.m.s.f.DefaultMavenResourcesFiltering - skip non existing resourceDirectory /home/notebook/Videos/Technology_Stack_Frameworks/FullStack_Development/FullStack_Development_Projects/Web_Development_Projects/Spring_Projects/src/test/resources
2025-03-16 20:42:30,607 [Worker-52: Building] INFO  o.a.m.s.f.DefaultMavenResourcesFiltering - Copying 1 resource from src/main/resources to target/classes
2025-03-16 20:42:30,630 [Worker-52: Building] INFO  o.a.m.s.f.DefaultMavenResourcesFiltering - Copying 0 resource from src/main/resources to target/classes
2025-03-16 20:42:30,638 [Worker-52: Building] INFO  o.a.m.s.f.DefaultMavenResourcesFiltering - skip non existing resourceDirectory /home/notebook/Videos/Technology_Stack_Frameworks/FullStack_Development/FullStack_Development_Projects/Web_Development_Projects/Spring_Projects/src/test/resources
